<?xml version="1.0" encoding="UTF-8"?>
<!-- Generated by org.testng.reporters.JUnitXMLReporter -->
<testsuite ignored="2" hostname="DESKTOP-NSRO2Q3" failures="0" tests="1" name="Test(failed)" time="0.11" errors="0" timestamp="2025-02-17T14:50:51 IST">
  <testcase classname="com.actitime.testscript.CustomerModule" name="createCustomer" time="0.032"/>
  <testcase classname="com.actitime.testscript.CustomerModule" name="modifyCustomer" time="0.0">
    <ignored/>
  </testcase> <!-- modifyCustomer -->
  <testcase classname="com.actitime.testscript.CustomerModule" name="deleteCustomer" time="0.0">
    <ignored/>
  </testcase> <!-- deleteCustomer -->
</testsuite> <!-- Test(failed) -->
