<?xml version="1.0" encoding="UTF-8"?>
<!-- Generated by org.testng.reporters.JUnitXMLReporter -->
<testsuite ignored="0" hostname="DESKTOP-NSRO2Q3" failures="0" tests="4" name="Default test" time="36.841" errors="0" timestamp="2025-06-20T07:22:38 IST">
  <testcase classname="com.actitime.testscript.DDT" name="login" time="8.0"/>
  <testcase classname="com.actitime.testscript.DDT" name="login" time="8.99"/>
  <testcase classname="com.actitime.testscript.DDT" name="login" time="10.224"/>
  <testcase classname="com.actitime.testscript.DDT" name="login" time="9.441"/>
</testsuite> <!-- Default test -->
