<?xml version="1.0" encoding="UTF-8"?>
<testng-results ignored="0" total="4" passed="4" failed="0" skipped="0">
  <reporter-output>
  </reporter-output>
  <suite started-at="2025-06-20T07:22:01 IST" name="Default suite" finished-at="2025-06-20T07:22:38 IST" duration-ms="36841">
    <groups>
    </groups>
    <test started-at="2025-06-20T07:22:01 IST" name="Default test" finished-at="2025-06-20T07:22:38 IST" duration-ms="36841">
      <class name="com.actitime.testscript.DDT">
        <test-method signature="login(java.lang.String,java.lang.String,java.lang.String)[pri:0, instance:com.actitime.testscript.DDT@28eaa59a]" started-at="2025-06-20T07:22:01 IST" name="login" data-provider="getData" finished-at="2025-06-20T07:22:09 IST" duration-ms="8000" status="PASS">
          <params>
            <param index="0">
              <value>
                <![CDATA[http://localhost/login.do]]>
              </value>
            </param>
            <param index="1">
              <value>
                <![CDATA[admin]]>
              </value>
            </param>
            <param index="2">
              <value>
                <![CDATA[manager]]>
              </value>
            </param>
          </params>
          <reporter-output>
          </reporter-output>
        </test-method> <!-- login -->
        <test-method signature="login(java.lang.String,java.lang.String,java.lang.String)[pri:0, instance:com.actitime.testscript.DDT@28eaa59a]" started-at="2025-06-20T07:22:09 IST" name="login" data-provider="getData" finished-at="2025-06-20T07:22:18 IST" duration-ms="8990" status="PASS">
          <params>
            <param index="0">
              <value>
                <![CDATA[http://localhost/login.do]]>
              </value>
            </param>
            <param index="1">
              <value>
                <![CDATA[admin1]]>
              </value>
            </param>
            <param index="2">
              <value>
                <![CDATA[manager1]]>
              </value>
            </param>
          </params>
          <reporter-output>
          </reporter-output>
        </test-method> <!-- login -->
        <test-method signature="login(java.lang.String,java.lang.String,java.lang.String)[pri:0, instance:com.actitime.testscript.DDT@28eaa59a]" started-at="2025-06-20T07:22:18 IST" name="login" data-provider="getData" finished-at="2025-06-20T07:22:28 IST" duration-ms="10224" status="PASS">
          <params>
            <param index="0">
              <value>
                <![CDATA[http://localhost/login.do]]>
              </value>
            </param>
            <param index="1">
              <value>
                <![CDATA[admin2]]>
              </value>
            </param>
            <param index="2">
              <value>
                <![CDATA[manager2]]>
              </value>
            </param>
          </params>
          <reporter-output>
          </reporter-output>
        </test-method> <!-- login -->
        <test-method signature="login(java.lang.String,java.lang.String,java.lang.String)[pri:0, instance:com.actitime.testscript.DDT@28eaa59a]" started-at="2025-06-20T07:22:28 IST" name="login" data-provider="getData" finished-at="2025-06-20T07:22:38 IST" duration-ms="9441" status="PASS">
          <params>
            <param index="0">
              <value>
                <![CDATA[http://localhost/login.do]]>
              </value>
            </param>
            <param index="1">
              <value>
                <![CDATA[admin3]]>
              </value>
            </param>
            <param index="2">
              <value>
                <![CDATA[manager3]]>
              </value>
            </param>
          </params>
          <reporter-output>
          </reporter-output>
        </test-method> <!-- login -->
      </class> <!-- com.actitime.testscript.DDT -->
    </test> <!-- Default test -->
  </suite> <!-- Default suite -->
</testng-results>
